<?xml version="1.0" encoding="UTF-8"?>
<testng-results ignored="0" total="1" passed="1" failed="0" skipped="0">
  <reporter-output>
  </reporter-output>
  <suite started-at="2022-06-01T22:30:03 IST" name="Default suite" finished-at="2022-06-01T22:31:09 IST" duration-ms="65994">
    <groups>
    </groups>
    <test started-at="2022-06-01T22:30:03 IST" name="Default test" finished-at="2022-06-01T22:31:09 IST" duration-ms="65994">
      <class name="GaadiBazaar.SearchByBudget">
        <test-method signature="searchGaadiBybudget()[pri:0, instance:GaadiBazaar.SearchByBudget@2a3b5b47]" started-at="2022-06-01T22:30:03 IST" name="searchGaadiBybudget" finished-at="2022-06-01T22:31:09 IST" duration-ms="65959" status="PASS">
          <reporter-output>
          </reporter-output>
        </test-method> <!-- searchGaadiBybudget -->
      </class> <!-- GaadiBazaar.SearchByBudget -->
    </test> <!-- Default test -->
  </suite> <!-- Default suite -->
</testng-results>
